<?xml version="1.0" encoding="UTF-8"?>
<!-- Generated by org.testng.reporters.JUnitReportReporter -->
<testsuite skipped="0" hostname="SELENIUM-PC" name="script.InvalidLogin" tests="2" failures="0" timestamp="24 Sep 2017 04:33:17 GMT" time="59.661" errors="0">
  <testcase name="testInvalidLogin" time="42.733" classname="script.InvalidLogin"/>
  <testcase name="testInvalidLogin" time="16.928" classname="script.InvalidLogin"/>
</testsuite> <!-- script.InvalidLogin -->
