<?xml version="1.0" encoding="UTF-8"?>
<!-- Generated by org.testng.reporters.JUnitReportReporter -->
<testsuite skipped="0" hostname="SELENIUM-PC" name="script.ValidLogin" tests="2" failures="0" timestamp="24 Sep 2017 04:33:17 GMT" time="68.426" errors="0">
  <testcase name="testValidLogin" time="34.152" classname="script.ValidLogin"/>
  <testcase name="testValidLogin" time="34.274" classname="script.ValidLogin"/>
</testsuite> <!-- script.ValidLogin -->
