<?xml version="1.0" encoding="UTF-8"?>
<!-- Generated by org.testng.reporters.JUnitReportReporter -->
<testsuite skipped="0" hostname="SELENIUM-PC" name="script.VerifyProductVersion" tests="2" failures="0" timestamp="24 Sep 2017 04:33:17 GMT" time="57.531" errors="0">
  <testcase name="testVerifyProductVersion" time="32.634" classname="script.VerifyProductVersion"/>
  <testcase name="testVerifyProductVersion" time="24.897" classname="script.VerifyProductVersion"/>
</testsuite> <!-- script.VerifyProductVersion -->
